i> 000053F4 Build: canary_experimental@036f19c66 on Feb  2 2023
i> 000053F4 Storage root: D:\MiloHax\beatles-rock-band-deluxe\_xenia
i> 000053F4 Content root: D:\MiloHax\beatles-rock-band-deluxe\_xenia\content
i> 000053F4 Cache root: D:\MiloHax\beatles-rock-band-deluxe\_xenia\cache
i> 00007A80 winkey: "0x08" binds key 0x8 to controller input GUIDE.
i> 00007A80 winkey: "^A" binds key 0x41 to controller input DPAD_LEFT.
i> 00007A80 winkey: "^D" binds key 0x44 to controller input DPAD_RIGHT.
i> 00007A80 winkey: "^S" binds key 0x53 to controller input DPAD_DOWN.
i> 00007A80 winkey: "^W" binds key 0x57 to controller input DPAD_UP.
i> 00007A80 winkey: "_A" binds key 0x41 to controller input LEFT_THUMB_LEFT.
i> 00007A80 winkey: "_D" binds key 0x44 to controller input LEFT_THUMB_RIGHT.
i> 00007A80 winkey: "_S" binds key 0x53 to controller input LEFT_THUMB_DOWN.
i> 00007A80 winkey: "_W" binds key 0x57 to controller input LEFT_THUMB_UP.
i> 00007A80 winkey: "F" binds key 0x46 to controller input LEFT_THUMB_PRESSED.
i> 00007A80 winkey: "0x26" binds key 0x26 to controller input RIGHT_THUMB_UP.
i> 00007A80 winkey: "0x28" binds key 0x28 to controller input RIGHT_THUMB_DOWN.
i> 00007A80 winkey: "0x27" binds key 0x27 to controller input RIGHT_THUMB_RIGHT.
i> 00007A80 winkey: "0x25" binds key 0x25 to controller input RIGHT_THUMB_LEFT.
i> 00007A80 winkey: "K" binds key 0x4B to controller input RIGHT_THUMB_PRESSED.
i> 00007A80 winkey: "L" binds key 0x4C to controller input X.
i> 00007A80 winkey: "0xDE" binds key 0xDE to controller input B.
i> 00007A80 winkey: "0xBA" binds key 0xBA to controller input A.
i> 00007A80 winkey: "P" binds key 0x50 to controller input Y.
i> 00007A80 winkey: "Q" binds key 0x51 to controller input LEFT_TRIGGER.
i> 00007A80 winkey: "I" binds key 0x49 to controller input LEFT_TRIGGER.
i> 00007A80 winkey: "E" binds key 0x45 to controller input RIGHT_TRIGGER.
i> 00007A80 winkey: "O" binds key 0x4F to controller input RIGHT_TRIGGER.
i> 00007A80 winkey: "Z" binds key 0x5A to controller input BACK.
i> 00007A80 winkey: "X" binds key 0x58 to controller input START.
i> 00007A80 winkey: "1" binds key 0x31 to controller input LEFT_SHOULDER.
i> 00007A80 winkey: "3" binds key 0x33 to controller input RIGHT_SHOULDER.
i> 000053F4 SDL Version 2.24.2 initialized.
w> 000053F4 SDL GameControllerDB: file 'gamecontrollerdb.txt' does not exist.
i> 00007A80 PatchDB: Loaded patches for 0 titles
i> 00007A80 DXGI adapter: NVIDIA GeForce RTX 3060 (vendor 0x10DE, device 0x2504)
i> 00007A80 Direct3D 12 device and OS features:
* Max GPU virtual address bits per resource: 40
* Non-zeroed heap creation: yes
* Pixel-shader-specified stencil reference: no
* Programmable sample positions: tier 2
* Rasterizer-ordered views: yes
* Resource binding: tier 3
* Tiled resources: tier 3
* Unaligned block-compressed textures: yes
i> 00007A80 Added handle:01000004 for class xe::kernel::XObject
i> 00007A80 XThread01000004 (1) Stack: 70010000-70030000
i> 00007A80 Added handle:01000008 for class xe::kernel::XObject
K> 01000004 XThread::Execute thid 1 (handle=01000004, 'GPU Commands (01000004)', native=00000B14, <host>)
i> 00007A80 XThread01000008 (2) Stack: 70050000-70070000
K> 01000008 XThread::Execute thid 2 (handle=01000008, 'GPU VSync (01000008)', native=00006724, <host>)
i> 00007A80 Added handle:0100000C for class xe::kernel::XObject
i> 00007A80 XThread0100000C (3) Stack: 70090000-700B0000
i> 00007A80 Added handle:01000010 for class xe::kernel::XObject
i> 00007A80 XThread01000010 (4) Stack: 700D0000-700F0000
K> 0100000C XThread::Execute thid 3 (handle=0100000C, 'XMA Decoder (0100000C)', native=00008488, <host>)
i> 00007A80 Added handle:01000014 for class xe::kernel::XObject
K> 01000010 XThread::Execute thid 4 (handle=01000010, 'Audio Worker (01000010)', native=000044A0, <host>)
i> 00007A80 Added handle:01000018 for class xe::kernel::XObject
i> 00007A80 Added handle:0100001C for class xe::kernel::XObject
